This file contains any messages produced by compilers while
running configure, to aid debugging if configure makes a mistake.

It was created by configure, which was
generated by GNU Autoconf 2.69.  Invocation command line was

  $ ./configure 

## --------- ##
## Platform. ##
## --------- ##

hostname = Shawns-MacBook-Pro.local
uname -m = arm64
uname -r = 20.6.0
uname -s = Darwin
uname -v = Darwin Kernel Version 20.6.0: Mon Aug 30 06:12:20 PDT 2021; root:xnu-7195.141.6~3/RELEASE_ARM64_T8101

/usr/bin/uname -p = arm
/bin/uname -X     = unknown

/bin/arch              = unknown
/usr/bin/arch -k       = unknown
/usr/convex/getsysinfo = unknown
/usr/bin/hostinfo      = Mach kernel version:
	 Darwin Kernel Version 20.6.0: Mon Aug 30 06:12:20 PDT 2021; root:xnu-7195.141.6~3/RELEASE_ARM64_T8101
Kernel configured for up to 8 processors.
8 processors are physically available.
8 processors are logically available.
Processor type: arm64e (ARM64E)
Processors active: 0 1 2 3 4 5 6 7
Primary memory available: 16.00 gigabytes
Default processor set: 595 tasks, 3997 threads, 8 processors
Load average: 3.33, Mach factor: 4.67
/bin/machine           = unknown
/usr/bin/oslevel       = unknown
/bin/universe          = unknown

PATH: /Users/spresser/.rbenv/shims
PATH: /Users/spresser/scrap/.bin
PATH: /Users/spresser/.nvm/versions/node/v16.14.0/bin
PATH: /Users/spresser/ml/monki4/bin
PATH: /Users/spresser/.pyenv/plugins/pyenv-virtualenv/shims
PATH: /Users/spresser/.nix-profile/bin
PATH: /Users/spresser/scrap
PATH: /Users/spresser/scrap/.bin
PATH: /Users/spresser/ml/monki2/bin
PATH: /Users/spresser/scrap
PATH: /opt/homebrew/bin
PATH: /opt/homebrew/sbin
PATH: /usr/local/bin
PATH: /usr/bin
PATH: /bin
PATH: /usr/sbin
PATH: /sbin
PATH: /opt/homebrew/bin
PATH: /opt/X11/bin
PATH: /Library/Apple/usr/bin
PATH: /Library/Frameworks/Mono.framework/Versions/Current/Commands
PATH: /Users/spresser/.cargo/bin
PATH: /Users/spresser/.local/bin
PATH: /opt/install/emacs-head/bin
PATH: /Users/spresser/ml/LuaJIT/src
PATH: /Users/spresser/ml/monki/bin
PATH: /Users/spresser/ml/gollum/bin
PATH: /Users/spresser/ml/vcpkg
PATH: /Users/spresser/ml/pymen/bin
PATH: /Users/spresser/ml/zuo/install/bin
PATH: /Users/spresser/.local/bin
PATH: /opt/install/emacs-head/bin
PATH: /Users/spresser/ml/LuaJIT/src
PATH: /Users/spresser/ml/gollum/bin
PATH: /Users/spresser/ml/vcpkg
PATH: /Users/spresser/ml/pymen/bin
PATH: /Users/spresser/ml/zuo/install/bin


## ----------- ##
## Core tests. ##
## ----------- ##

configure:2187: error: cannot find install-sh, install.sh, or shtool in ../lt "."/../lt

## ---------------- ##
## Cache variables. ##
## ---------------- ##

ac_cv_env_CC_set=
ac_cv_env_CC_value=
ac_cv_env_CFLAGS_set=
ac_cv_env_CFLAGS_value=
ac_cv_env_CPPFLAGS_set=
ac_cv_env_CPPFLAGS_value=
ac_cv_env_CPP_set=
ac_cv_env_CPP_value=
ac_cv_env_LDFLAGS_set=
ac_cv_env_LDFLAGS_value=
ac_cv_env_LIBS_set=
ac_cv_env_LIBS_value=
ac_cv_env_build_alias_set=
ac_cv_env_build_alias_value=
ac_cv_env_host_alias_set=
ac_cv_env_host_alias_value=
ac_cv_env_target_alias_set=
ac_cv_env_target_alias_value=

## ----------------- ##
## Output variables. ##
## ----------------- ##

AR=''
ARFLAGS=''
AS_STANDALONE=''
CC=''
CFLAGS=''
CPP=''
CPPFLAGS=''
DEFS=''
ECHO_C='\c'
ECHO_N=''
ECHO_T=''
EGREP=''
EXEEXT=''
GREP=''
HAVE_DIRENT_NAMELEN=''
HAVE_DIRENT_NAMLEN=''
ICP_LIB=''
LDFLAGS=''
LIBOBJS=''
LIBS=''
LIBSFX=''
LTA=''
LTLIBOBJS=''
LTO=''
OBJEXT=''
PACKAGE_BUGREPORT=''
PACKAGE_NAME=''
PACKAGE_STRING=''
PACKAGE_TARNAME=''
PACKAGE_URL=''
PACKAGE_VERSION=''
PATH_SEPARATOR=':'
RANLIB=''
RKTIO_NO_ICONV=''
RKTLINKER=''
SHELL='/bin/sh'
STATIC_AR=''
ac_ct_CC=''
bindir='${exec_prefix}/bin'
build=''
build_alias=''
build_cpu=''
build_os=''
build_vendor=''
datadir='${datarootdir}'
datarootdir='${prefix}/share'
docdir='${datarootdir}/doc/${PACKAGE}'
dvidir='${docdir}'
exec_prefix='NONE'
host=''
host_alias=''
host_cpu=''
host_os=''
host_vendor=''
htmldir='${docdir}'
includedir='${prefix}/include'
infodir='${datarootdir}/info'
libdir='${exec_prefix}/lib'
libexecdir='${exec_prefix}/libexec'
localedir='${datarootdir}/locale'
localstatedir='${prefix}/var'
mandir='${datarootdir}/man'
oldincludedir='/usr/include'
pdfdir='${docdir}'
platform_ar_found=''
prefix='NONE'
program_transform_name='s,x,x,'
psdir='${docdir}'
sbindir='${exec_prefix}/sbin'
sharedstatedir='${prefix}/com'
sysconfdir='${prefix}/etc'
target=''
target_alias=''
target_cpu=''
target_os=''
target_vendor=''

## ----------- ##
## confdefs.h. ##
## ----------- ##

/* confdefs.h */
#define PACKAGE_NAME ""
#define PACKAGE_TARNAME ""
#define PACKAGE_VERSION ""
#define PACKAGE_STRING ""
#define PACKAGE_BUGREPORT ""
#define PACKAGE_URL ""

configure: exit 1
